<?xml version="1.0" encoding="UTF-8"?>
<!-- Generated by org.testng.reporters.JUnitReportReporter -->
<testsuite skipped="0" hostname="DESKTOP-27L8JE7" name="com.project.MiniHybridFramework.SuiteA.TestA" tests="1" failures="0" timestamp="07 Oct 2020 14:48:14 GMT" time="0.010" errors="0">
  <testcase name="f" time="0.010" classname="com.project.MiniHybridFramework.SuiteA.TestA"/>
</testsuite> <!-- com.project.MiniHybridFramework.SuiteA.TestA -->
