<?xml version="1.0" encoding="UTF-8"?>
<!-- Generated by org.testng.reporters.JUnitReportReporter -->
<testsuite skipped="0" hostname="DESKTOP-27L8JE7" name="com.project.MiniHybridFramework.SuiteA.LoginTest" tests="1" failures="0" timestamp="07 Oct 2020 15:18:02 GMT" time="0.008" errors="0">
  <testcase name="f" time="0.008" classname="com.project.MiniHybridFramework.SuiteA.LoginTest"/>
</testsuite> <!-- com.project.MiniHybridFramework.SuiteA.LoginTest -->
