<?xml version="1.0" encoding="UTF-8"?>
<!-- Generated by org.testng.reporters.JUnitReportReporter -->
<testsuite skipped="0" hostname="DESKTOP-27L8JE7" name="excelDataDriven.FianlRun" tests="2" failures="0" timestamp="2020-08-28T21:02:06 IST" time="0.037" errors="0">
  <testcase name="f" time="0.003" classname="excelDataDriven.FianlRun"/>
  <system-out/>
  <testcase name="f" time="0.034" classname="excelDataDriven.FianlRun"/>
  <system-out/>
</testsuite> <!-- excelDataDriven.FianlRun -->
