<?xml version="1.0" encoding="UTF-8"?>
<!-- Generated by org.testng.reporters.JUnitReportReporter -->
<testsuite skipped="0" hostname="DESKTOP-27L8JE7" name="excelDataDriven.DataManagementUsingHashTable" tests="2" failures="0" timestamp="2020-08-28T20:55:39 IST" time="0.019" errors="0">
  <testcase name="f" time="0.015" classname="excelDataDriven.DataManagementUsingHashTable"/>
  <system-out/>
  <testcase name="f" time="0.004" classname="excelDataDriven.DataManagementUsingHashTable"/>
  <system-out/>
</testsuite> <!-- excelDataDriven.DataManagementUsingHashTable -->
