<?xml version="1.0" encoding="UTF-8"?>
<!-- Generated by org.testng.reporters.JUnitReportReporter -->
<testsuite skipped="0" hostname="DESKTOP-27L8JE7" name="suiteA.TestA1" tests="1" failures="0" timestamp="2020-08-14T20:27:35 IST" time="2.000" errors="0">
  <testcase name="f" time="2.000" classname="suiteA.TestA1"/>
  <system-out/>
</testsuite> <!-- suiteA.TestA1 -->
