<?xml version="1.0" encoding="UTF-8"?>
<!-- Generated by org.testng.reporters.JUnitReportReporter -->
<testsuite skipped="6" hostname="DESKTOP-27L8JE7" name="actions.MouseOperations" tests="7" failures="0" timestamp="2020-09-15T21:05:33 IST" time="16.954" errors="0">
  <testcase name="autoSuggestion" time="16.954" classname="actions.MouseOperations"/>
  <system-out/>
  <testcase name="dragAnddrop" classname="actions.MouseOperations">
    <skipped/>
  </testcase> <!-- dragAnddrop -->
  <system-out/>
  <testcase name="MoveToelement" classname="actions.MouseOperations">
    <skipped/>
  </testcase> <!-- MoveToelement -->
  <system-out/>
  <testcase name="resizeMethod" classname="actions.MouseOperations">
    <skipped/>
  </testcase> <!-- resizeMethod -->
  <system-out/>
  <testcase name="slider" classname="actions.MouseOperations">
    <skipped/>
  </testcase> <!-- slider -->
  <system-out/>
  <testcase name="Browserslider" classname="actions.MouseOperations">
    <skipped/>
  </testcase> <!-- Browserslider -->
  <system-out/>
  <testcase name="rightClickMethod" classname="actions.MouseOperations">
    <skipped/>
  </testcase> <!-- rightClickMethod -->
  <system-out/>
</testsuite> <!-- actions.MouseOperations -->
