<?xml version="1.0" encoding="UTF-8"?>
<!-- Generated by org.testng.reporters.JUnitReportReporter -->
<testsuite skipped="0" hostname="DESKTOP-27L8JE7" name="switchings.AlertHandling" tests="1" failures="0" timestamp="2020-09-14T20:47:18 IST" time="18.405" errors="0">
  <testcase name="f" time="18.405" classname="switchings.AlertHandling"/>
  <system-out/>
</testsuite> <!-- switchings.AlertHandling -->
