<?xml version="1.0" encoding="UTF-8"?>
<!-- Generated by org.testng.reporters.JUnitReportReporter -->
<testsuite skipped="0" hostname="DESKTOP-27L8JE7" name="excelDataDriven.DataManagementUsingDataprovider" tests="3" failures="0" timestamp="2020-08-28T20:45:13 IST" time="0.024" errors="0">
  <testcase name="f" time="0.013" classname="excelDataDriven.DataManagementUsingDataprovider"/>
  <system-out/>
  <testcase name="f" time="0.003" classname="excelDataDriven.DataManagementUsingDataprovider"/>
  <system-out/>
  <testcase name="f" time="0.008" classname="excelDataDriven.DataManagementUsingDataprovider"/>
  <system-out/>
</testsuite> <!-- excelDataDriven.DataManagementUsingDataprovider -->
