<?xml version="1.0" encoding="UTF-8"?>
<!-- Generated by org.testng.reporters.JUnitReportReporter -->
<testsuite skipped="0" hostname="DESKTOP-27L8JE7" name="parallel.ClassTwo" tests="1" failures="0" timestamp="2020-08-14T20:42:43 IST" time="0.031" errors="0">
  <testcase name="f" time="0.031" classname="parallel.ClassTwo"/>
  <system-out/>
</testsuite> <!-- parallel.ClassTwo -->
