<?xml version="1.0" encoding="UTF-8"?>
<!-- Generated by org.testng.reporters.JUnitReportReporter -->
<testsuite skipped="0" hostname="DESKTOP-27L8JE7" name="switchings.FileUpload" tests="1" failures="0" timestamp="2020-09-15T20:22:13 IST" time="19.834" errors="0">
  <testcase name="fileupload" time="19.834" classname="switchings.FileUpload"/>
  <system-out/>
</testsuite> <!-- switchings.FileUpload -->
