<?xml version="1.0" encoding="UTF-8"?>
<!-- Generated by org.testng.reporters.JUnitReportReporter -->
<testsuite skipped="0" hostname="DESKTOP-27L8JE7" name="parallel.TestMethodParallelExecution" tests="2" failures="0" timestamp="2020-08-14T20:36:16 IST" time="0.062" errors="0">
  <testcase name="test1" time="0.031" classname="parallel.TestMethodParallelExecution"/>
  <system-out/>
  <testcase name="test2" time="0.031" classname="parallel.TestMethodParallelExecution"/>
  <system-out/>
</testsuite> <!-- parallel.TestMethodParallelExecution -->
