<?xml version="1.0" encoding="UTF-8"?>
<!-- Generated by org.testng.reporters.JUnitReportReporter -->
<testsuite skipped="2" hostname="DESKTOP-27L8JE7" name="com.project.AugustMaven8PMBatch.TestDependency" tests="4" failures="0" timestamp="2020-08-24T20:48:07 IST" time="0.027" errors="0">
  <testcase name="orange" time="0.020" classname="com.project.AugustMaven8PMBatch.TestDependency"/>
  <system-out/>
  <testcase name="white" time="0.002" classname="com.project.AugustMaven8PMBatch.TestDependency"/>
  <system-out/>
  <testcase name="blue" time="0.005" classname="com.project.AugustMaven8PMBatch.TestDependency">
    <skipped/>
  </testcase> <!-- blue -->
  <system-out/>
  <testcase name="green" time="0.000" classname="com.project.AugustMaven8PMBatch.TestDependency">
    <skipped/>
  </testcase> <!-- green -->
  <system-out/>
</testsuite> <!-- com.project.AugustMaven8PMBatch.TestDependency -->
