<?xml version="1.0" encoding="UTF-8"?>
<!-- Generated by org.testng.reporters.JUnitReportReporter -->
<testsuite skipped="0" hostname="DESKTOP-27L8JE7" name="com.project.AugustMaven8PMBatch.TNG_002" tests="1" failures="0" timestamp="2020-08-24T20:32:15 IST" time="18.028" errors="0">
  <testcase name="amazon" time="18.028" classname="com.project.AugustMaven8PMBatch.TNG_002"/>
  <system-out/>
</testsuite> <!-- com.project.AugustMaven8PMBatch.TNG_002 -->
